APP NOTICE Fri Sep 29 10:34:43.753 2017 (7fff7a5b2000) Master random seed used : 266256987
APP NOTICE Fri Sep 29 10:34:43.753 2017 (7fff7a5b2000) Master random seed used : 150621960
APP NOTICE Fri Sep 29 10:34:43.753 2017 (7fff7a5b2000) Master random seed used : 85737621
APP NOTICE Fri Sep 29 10:34:43.753 2017 (7fff7a5b2000) Master random seed used : 244843407
APP NOTICE Fri Sep 29 10:34:43.753 2017 (7fff7a5b2000) Master random seed used : 210088158
APP NOTICE Fri Sep 29 10:34:43.753 2017 (7fff7a5b2000) Master random seed used : 131119745
APP NOTICE Fri Sep 29 10:34:43.753 2017 (7fff7a5b2000) Master random seed used : 129993719
APP NOTICE Fri Sep 29 10:34:43.756 2017 (7fff7a5b2000) Master random seed used : 105184783
APP NOTICE Fri Sep 29 10:34:43.763 2017 (7fff7a5b2000) Master random seed used : 61387723
APP NOTICE Fri Sep 29 10:34:43.763 2017 (7fff7a5b2000) Master random seed used : 53356416
APP NOTICE Fri Sep 29 10:34:43.763 2017 (7fff7a5b2000) Master random seed used : 218352311
APP NOTICE Fri Sep 29 10:34:43.766 2017 (7fff7a5b2000) Master random seed used : 199538187
APP NOTICE Fri Sep 29 10:34:43.766 2017 (7fff7a5b2000) Master random seed used : 101547282
APP NOTICE Fri Sep 29 10:34:43.766 2017 (7fff7a5b2000) Master random seed used : 111291499
APP NOTICE Fri Sep 29 10:34:43.767 2017 (7fff7a5b2000) Master random seed used : 205710766
APP NOTICE Fri Sep 29 10:34:43.767 2017 (7fff7a5b2000) Master random seed used : 183491175
APP NOTICE Fri Sep 29 10:34:43.769 2017 (7fff7a5b2000) Router capabilities: (PFG=1, SFG=1, TEMP=1, JNDI=1, Z=1)
APP NOTICE Fri Sep 29 10:34:43.769 2017 (7fff7a5b2000) Router capabilities: (PFG=1, SFG=1, TEMP=1, JNDI=1, Z=1)
ReRecceiving meivessages.  Ctrl-c toing meAPP NOTICE Fri Sep 29 10:34:43.771 2017 (7fff7a5b2000) Router capabilities: (PFG=1, SFG=1, TEMP=1, JNDI=1, Z=1)
s sages.exiAPP NOTICE Fri Sep 29 10:34:43.771 2017 (7fff7a5b2000) Router capabilities: (PFG=1, SFG=1, TEMP=1, JNDI=1, Z=1)
  CtrlAPP NOTICE Fri Sep 29 10:34:43.771 2017 (7fff7a5b2000) Router capabilities: (PFG=1, SFG=1, TEMP=1, JNDI=1, Z=1)
-ct. 
APP NOTICE Fri Sep 29 10:34:43.771 2017 (7fff7a5b2000) Router capabilities: (PFG=1, SFG=1, TEMP=1, JNDI=1, Z=1)
 to exit. 
Receiving messages. ReRc ReecCcetierivveiiving melssi-ngacgensg  m.   mCto eseesssaxtit.rlges.-c tageso. ex it.   
 
 CtrCtrl-c l-c to exit. 
to exit. 
APP NOTICE Fri Sep 29 10:34:43.775 2017 (7fff7a5b2000) Router capabilities: (PFG=1, SFG=1, TEMP=1, JNDI=1, Z=1)
Receiving messages.  CtrAPP NOTICE Fri Sep 29 10:34:43.776 2017 (7fff7a5b2000) Router capabilities: (PFG=1, SFG=1, TEMP=1, JNDI=1, Z=1)
l-c to exit. 
Receiving messages.  Ctrl-c to exit. 
APP NOTICE Fri Sep 29 10:34:43.781 2017 (7fff7a5b2000) Router capabilities: (PFG=1, SFG=1, TEMP=1, JNDI=1, Z=1)
APP NOTICE Fri Sep 29 10:34:43.782 2017 (7fff7a5b2000) Router capabilities: (PFG=1, SFG=1, TEMP=1, JNDI=1, Z=1)
Receiving messages.  Ctrl-c to exit. 
APP NOTICE Fri Sep 29 10:34:43.782 2017 (7fff7a5b2000) Router capabilities: (PFG=1, SFG=1, TEMP=1, JNDI=1, Z=1)
Receiving messages.  Ctrl-c to exit. 
APP NOTICE Fri Sep 29 10:34:43.783 2017 (7fff7a5b2000) Router capabilities: (PFG=1, SFG=1, TEMP=1, JNDI=1, Z=1)
Receiving messages.  Ctrl-c to exit. 
Receiving messages.  Ctrl-c to exit. 
APP NOTICE Fri Sep 29 10:34:43.784 2017 (7fff7a5b2000) Router capabilities: (PFG=1, SFG=1, TEMP=1, JNDI=1, Z=1)
ReceiviAPP NOTICE Fri Sep 29 10:34:43.785 2017 (7fff7a5b2000) Router capabilities: (PFG=1, SFG=1, TEMP=1, JNDI=1, Z=1)
ng messages.  Ctrl-c to exit. 
APP NOTICE Fri Sep 29 10:34:43.785 2017 (7fff7a5b2000) Router capabilities: (PFG=1, SFG=1, TEMP=1, JNDI=1, Z=1)
Receiving messages.  Ctrl-c to exit. 
Receiving messages.  Ctrl-c to exit. 
APP NOTICE Fri Sep 29 10:34:43.786 2017 (7fff7a5b2000) Router capabilities: (PFG=1, SFG=1, TEMP=1, JNDI=1, Z=1)
Receiving messages.  Ctrl-c to exit. 
