APP NOTICE Thu Sep 21 10:16:05.320 2017 (7fff7a5b2000) Master random seed used : 194220003
APP NOTICE Thu Sep 21 10:16:05.320 2017 (7fff7a5b2000) Master random seed used : 77351418
APP NOTICE Thu Sep 21 10:16:05.320 2017 (7fff7a5b2000) Master random seed used : 151056096
APP NOTICE Thu Sep 21 10:16:05.320 2017 (7fff7a5b2000) Master random seed used : 194206716
APP NOTICE Thu Sep 21 10:16:05.320 2017 (7fff7a5b2000) Master random seed used : 180171727
APP NOTICE Thu Sep 21 10:16:05.322 2017 (7fff7a5b2000) Master random seed used : 155529034
APP NOTICE Thu Sep 21 10:16:05.326 2017 (7fff7a5b2000) Master random seed used : 38455514
APP NOTICE Thu Sep 21 10:16:05.326 2017 (7fff7a5b2000) Master random seed used : 53317787
APP NOTICE Thu Sep 21 10:16:05.329 2017 (7fff7a5b2000) Master random seed used : 66000665
APP NOTICE Thu Sep 21 10:16:05.329 2017 (7fff7a5b2000) Master random seed used : 29546163
APP NOTICE Thu Sep 21 10:16:05.331 2017 (7fff7a5b2000) Router capabilities: (PFG=1, SFG=1, TEMP=1, JNDI=1, Z=1)
APP NOTICE Thu Sep 21 10:16:05.336 2017 (7fff7a5b2000) Router capabilities: (PFG=1, SFG=1, TEMP=1, JNDI=1, Z=1)
APP NOTICE Thu Sep 21 10:16:05.336 2017 (7fff7a5b2000) Router capabilities: (PFG=1, SFG=1, TEMP=1, JNDI=1, Z=1)
APP NOTICE Thu Sep 21 10:16:05.336 2017 (7fff7a5b2000) Router capabilities: (PFG=1, SFG=1, TEMP=1, JNDI=1, Z=1)
APP NOTICE Thu Sep 21 10:16:05.338 2017 (7fff7a5b2000) Router capabilities: (PFG=1, SFG=1, TEMP=1, JNDI=1, Z=1)
APP NOTICE Thu Sep 21 10:16:05.338 2017 (7fff7a5b2000) Router capabilities: (PFG=1, SFG=1, TEMP=1, JNDI=1, Z=1)
APP NOTICE Thu Sep 21 10:16:05.338 2017 (7fff7a5b2000) Router capabilities: (PFG=1, SFG=1, TEMP=1, JNDI=1, Z=1)
APP NOTICE Thu Sep 21 10:16:05.339 2017 (7fff7a5b2000) Router capabilities: (PFG=1, SFG=1, TEMP=1, JNDI=1, Z=1)
APP NOTICE Thu Sep 21 10:16:05.340 2017 (7fff7a5b2000) Router capabilities: (PFG=1, SFG=1, TEMP=1, JNDI=1, Z=1)
APP NOTICE Thu Sep 21 10:16:05.340 2017 (7fff7a5b2000) Router capabilities: (PFG=1, SFG=1, TEMP=1, JNDI=1, Z=1)
Waiting for publishing to complete.  Ctrl-c to exit. 
Waiting for publishing to complete.  Ctrl-c to exit. 
WaWWiWWaitintaaWWWaiigatt aaiititiiiitng fnoirnitinnf oiprg puggn fog  ffbolinsrgg opurrh i   fpouunrg tbbplfbol  lisio rpsf uhpuubohricbboilmnpililegntsi tol ise phg.c ssh o iniuCbtgntrlghli mishphn-icntloeiong  gt g  toct o  ctotomoe pt leo.o ctex oimcp te.ml. e  Co
pcmptrlll-eect Ctceomtoe.  C.tme .r tpl-tplocrel l-t eCc   tet.C tro eo  le txex-etiCxtii.ttt..    .
Crct rrll-
-cl- cct o to
 to exiet.  ex 
ixitto.  exit.t.  


